<?xml version="1.0" encoding="UTF-8"?>
<!-- Generated by org.testng.reporters.JUnitXMLReporter -->
<testsuite ignored="0" hostname="LENOVO" failures="0" tests="1" name="Default test" time="16.693" errors="0" timestamp="2023-07-23T23:17:58 IST">
  <testcase classname="com.flipkart.qa.test.FK_TC4400_ValidateUserName" name="@BeforeMethod logIn" time="1.431">
    <failure type="org.openqa.selenium.ElementClickInterceptedException" message="element click intercepted: Element &amp;lt;a class=&amp;quot;_1_3w1N&amp;quot; href=&amp;quot;/account/login?ret=/&amp;quot;&amp;gt;...&amp;lt;/a&amp;gt; is not clickable at point (810, 27). Other element would receive the click: &amp;lt;div class=&amp;quot;_2hriZF _2rbIyg&amp;quot; tabindex=&amp;quot;-1&amp;quot;&amp;gt;...&amp;lt;/div&amp;gt;
  (Session info: chrome=109.0.5414.149)
Build info: version: &amp;apos;4.10.0&amp;apos;, revision: &amp;apos;c14d967899&amp;apos;
System info: os.name: &amp;apos;Windows 8.1&amp;apos;, os.arch: &amp;apos;amd64&amp;apos;, os.version: &amp;apos;6.3&amp;apos;, java.version: &amp;apos;18.0.1&amp;apos;
Driver info: org.openqa.selenium.chrome.ChromeDriver
Command: [f6229929e348f0e88f2ef3549b00ed7d, clickElement {id=b1c7b430-529d-4a2d-a229-aa242cab5c17}]
Capabilities {acceptInsecureCerts: false, browserName: chrome, browserVersion: 109.0.5414.149, chrome: {chromedriverVersion: 109.0.5414.74 (e7c5703604da..., userDataDir: C:\Users\CHINTU\AppData\Loc...}, goog:chromeOptions: {debuggerAddress: localhost:52621}, networkConnectionEnabled: false, pageLoadStrategy: normal, platformName: windows, proxy: Proxy(), se:cdp: ws://localhost:52621/devtoo..., se:cdpVersion: 109.0.5414.149, setWindowRect: true, strictFileInteractability: false, timeouts: {implicit: 0, pageLoad: 300000, script: 30000}, unhandledPromptBehavior: dismiss and notify, webauthn:extension:credBlob: true, webauthn:extension:largeBlob: true, webauthn:virtualAuthenticators: true}
Element: [[ChromeDriver: chrome on windows (f6229929e348f0e88f2ef3549b00ed7d)] -&amp;gt; xpath: //a[text()=&amp;apos;Login&amp;apos;]]
Session ID: f6229929e348f0e88f2ef3549b00ed7d">
      <![CDATA[org.openqa.selenium.ElementClickInterceptedException: element click intercepted: Element <a class="_1_3w1N" href="/account/login?ret=/">...</a> is not clickable at point (810, 27). Other element would receive the click: <div class="_2hriZF _2rbIyg" tabindex="-1">...</div>
  (Session info: chrome=109.0.5414.149)
Build info: version: '4.10.0', revision: 'c14d967899'
System info: os.name: 'Windows 8.1', os.arch: 'amd64', os.version: '6.3', java.version: '18.0.1'
Driver info: org.openqa.selenium.chrome.ChromeDriver
Command: [f6229929e348f0e88f2ef3549b00ed7d, clickElement {id=b1c7b430-529d-4a2d-a229-aa242cab5c17}]
Capabilities {acceptInsecureCerts: false, browserName: chrome, browserVersion: 109.0.5414.149, chrome: {chromedriverVersion: 109.0.5414.74 (e7c5703604da..., userDataDir: C:\Users\CHINTU\AppData\Loc...}, goog:chromeOptions: {debuggerAddress: localhost:52621}, networkConnectionEnabled: false, pageLoadStrategy: normal, platformName: windows, proxy: Proxy(), se:cdp: ws://localhost:52621/devtoo..., se:cdpVersion: 109.0.5414.149, setWindowRect: true, strictFileInteractability: false, timeouts: {implicit: 0, pageLoad: 300000, script: 30000}, unhandledPromptBehavior: dismiss and notify, webauthn:extension:credBlob: true, webauthn:extension:largeBlob: true, webauthn:virtualAuthenticators: true}
Element: [[ChromeDriver: chrome on windows (f6229929e348f0e88f2ef3549b00ed7d)] -> xpath: //a[text()='Login']]
Session ID: f6229929e348f0e88f2ef3549b00ed7d
at java.base/jdk.internal.reflect.DirectConstructorHandleAccessor.newInstance(DirectConstructorHandleAccessor.java:67)
at java.base/java.lang.reflect.Constructor.newInstanceWithCaller(Constructor.java:499)
at java.base/java.lang.reflect.Constructor.newInstance(Constructor.java:483)
at org.openqa.selenium.remote.codec.w3c.W3CHttpResponseCodec.createException(W3CHttpResponseCodec.java:199)
at org.openqa.selenium.remote.codec.w3c.W3CHttpResponseCodec.decode(W3CHttpResponseCodec.java:132)
at org.openqa.selenium.remote.codec.w3c.W3CHttpResponseCodec.decode(W3CHttpResponseCodec.java:51)
at org.openqa.selenium.remote.HttpCommandExecutor.execute(HttpCommandExecutor.java:191)
at org.openqa.selenium.remote.service.DriverCommandExecutor.invokeExecute(DriverCommandExecutor.java:196)
at org.openqa.selenium.remote.service.DriverCommandExecutor.execute(DriverCommandExecutor.java:171)
at org.openqa.selenium.remote.RemoteWebDriver.execute(RemoteWebDriver.java:531)
at org.openqa.selenium.remote.RemoteWebElement.execute(RemoteWebElement.java:242)
at org.openqa.selenium.remote.RemoteWebElement.click(RemoteWebElement.java:77)
at java.base/jdk.internal.reflect.DirectMethodHandleAccessor.invoke(DirectMethodHandleAccessor.java:104)
at java.base/java.lang.reflect.Method.invoke(Method.java:577)
at org.openqa.selenium.support.pagefactory.internal.LocatingElementHandler.invoke(LocatingElementHandler.java:51)
at jdk.proxy2/jdk.proxy2.$Proxy18.click(Unknown Source)
at com.flipkart.qa.pages.LoginPage.clickOnLoginButton(LoginPage.java:29)
at com.flipkart.qa.test.FK_TC4400_ValidateUserName.logIn(FK_TC4400_ValidateUserName.java:29)
at java.base/jdk.internal.reflect.DirectMethodHandleAccessor.invoke(DirectMethodHandleAccessor.java:104)
at java.base/java.lang.reflect.Method.invoke(Method.java:577)
at org.testng.internal.MethodInvocationHelper.invokeMethod(MethodInvocationHelper.java:133)
at org.testng.internal.MethodInvocationHelper.invokeMethodConsideringTimeout(MethodInvocationHelper.java:62)
at org.testng.internal.ConfigInvoker.invokeConfigurationMethod(ConfigInvoker.java:385)
at org.testng.internal.ConfigInvoker.invokeConfigurations(ConfigInvoker.java:321)
at org.testng.internal.TestInvoker.runConfigMethods(TestInvoker.java:700)
at org.testng.internal.TestInvoker.invokeMethod(TestInvoker.java:527)
at org.testng.internal.TestInvoker.invokeTestMethod(TestInvoker.java:173)
at org.testng.internal.MethodRunner.runInSequence(MethodRunner.java:46)
at org.testng.internal.TestInvoker$MethodInvocationAgent.invoke(TestInvoker.java:824)
at org.testng.internal.TestInvoker.invokeTestMethods(TestInvoker.java:146)
at org.testng.internal.TestMethodWorker.invokeTestMethods(TestMethodWorker.java:146)
at org.testng.internal.TestMethodWorker.run(TestMethodWorker.java:128)
at java.base/java.util.ArrayList.forEach(ArrayList.java:1511)
at org.testng.TestRunner.privateRun(TestRunner.java:794)
at org.testng.TestRunner.run(TestRunner.java:596)
at org.testng.SuiteRunner.runTest(SuiteRunner.java:377)
at org.testng.SuiteRunner.runSequentially(SuiteRunner.java:371)
at org.testng.SuiteRunner.privateRun(SuiteRunner.java:332)
at org.testng.SuiteRunner.run(SuiteRunner.java:276)
at org.testng.SuiteRunnerWorker.runSuite(SuiteRunnerWorker.java:53)
at org.testng.SuiteRunnerWorker.run(SuiteRunnerWorker.java:96)
at org.testng.TestNG.runSuitesSequentially(TestNG.java:1212)
at org.testng.TestNG.runSuitesLocally(TestNG.java:1134)
at org.testng.TestNG.runSuites(TestNG.java:1063)
at org.testng.TestNG.run(TestNG.java:1031)
at org.testng.remote.AbstractRemoteTestNG.run(AbstractRemoteTestNG.java:115)
at org.testng.remote.RemoteTestNG.initAndRun(RemoteTestNG.java:251)
at org.testng.remote.RemoteTestNG.main(RemoteTestNG.java:77)
]]>
    </failure>
  </testcase> <!-- @BeforeMethod logIn -->
  <testcase classname="com.flipkart.qa.test.FK_TC4400_ValidateUserName" name="@AfterMethod logout" time="-1.69013447798E9">
    <skipped/>
  </testcase> <!-- @AfterMethod logout -->
  <testcase classname="com.flipkart.qa.test.FK_TC4400_ValidateUserName" name="@AfterClass tearDown" time="-1.690134477994E9">
    <skipped/>
  </testcase> <!-- @AfterClass tearDown -->
  <testcase classname="com.flipkart.qa.test.FK_TC4400_ValidateUserName" name="validateUserName" time="0.0">
    <skipped/>
  </testcase> <!-- validateUserName -->
</testsuite> <!-- Default test -->
