<?xml version="1.0" encoding="UTF-8"?>
<!-- Generated by org.testng.reporters.JUnitXMLReporter -->
<testsuite ignored="0" hostname="LAPTOP-MV8D8OCH" failures="0" tests="1" name="ChromeTest(failed)(failed)" time="30.258" errors="0" timestamp="2023-07-29T17:31:56 IST">
  <testcase classname="com.Amazon.qa.test.Az_TC4401_getProductRating" name="@BeforeMethod searchProduct" time="0.0">
    <failure type="java.lang.NullPointerException" message="Cannot invoke &amp;quot;com.amazon.qa.pages.SearchPage.clickOnsearchbox()&amp;quot; because &amp;quot;this.Sp&amp;quot; is null">
      <![CDATA[java.lang.NullPointerException: Cannot invoke "com.amazon.qa.pages.SearchPage.clickOnsearchbox()" because "this.Sp" is null
at com.Amazon.qa.test.Az_TC4401_getProductRating.searchProduct(Az_TC4401_getProductRating.java:34)
at java.base/java.util.ArrayList.forEach(ArrayList.java:1511)
... Removed 31 stack frames]]>
    </failure>
  </testcase> <!-- @BeforeMethod searchProduct -->
  <testcase classname="com.Amazon.qa.test.Az_TC4401_getProductRating" name="@AfterMethod logout" time="-1.690632116153E9">
    <skipped/>
  </testcase> <!-- @AfterMethod logout -->
  <testcase classname="com.Amazon.qa.test.Az_TC4401_getProductRating" name="@AfterClass tearDown" time="-1.690632116155E9">
    <skipped/>
  </testcase> <!-- @AfterClass tearDown -->
  <testcase classname="com.Amazon.qa.test.Az_TC4401_getProductRating" name="ProductRating" time="0.0">
    <skipped/>
  </testcase> <!-- ProductRating -->
</testsuite> <!-- ChromeTest(failed)(failed) -->
