<?xml version="1.0" encoding="UTF-8"?>
<!-- Generated by org.testng.reporters.JUnitXMLReporter -->
<testsuite ignored="0" hostname="LENOVO" failures="0" tests="2" name="Test" time="0.253" errors="0" timestamp="2023-07-23T22:34:09 IST">
  <testcase classname="com.flipkart.qa.test.LoginPageTest" name="@BeforeMethod openingBrowser" time="0.016">
    <failure type="java.lang.NullPointerException" message="Cannot invoke &amp;quot;org.openqa.selenium.WebDriver.manage()&amp;quot; because &amp;quot;com.flipkart.qa.base.BaseClass.driver&amp;quot; is null">
      <![CDATA[java.lang.NullPointerException: Cannot invoke "org.openqa.selenium.WebDriver.manage()" because "com.flipkart.qa.base.BaseClass.driver" is null
at com.flipkart.qa.base.BaseClass.lanuchBrowser(BaseClass.java:28)
at com.flipkart.qa.test.LoginPageTest.openingBrowser(LoginPageTest.java:17)
at java.base/java.util.ArrayList.forEach(ArrayList.java:1511)
... Removed 29 stack frames]]>
    </failure>
  </testcase> <!-- @BeforeMethod openingBrowser -->
  <testcase classname="com.flipkart.qa.test.LoginPageTest" name="@BeforeMethod openingBrowser" time="-1.690131849547E9">
    <skipped/>
  </testcase> <!-- @BeforeMethod openingBrowser -->
  <testcase classname="com.flipkart.qa.base.BaseClass" name="lanuchBrowser" time="0.0">
    <skipped/>
  </testcase> <!-- lanuchBrowser -->
  <testcase classname="com.flipkart.qa.test.LoginPageTest" name="validateUserName" time="0.0">
    <skipped/>
  </testcase> <!-- validateUserName -->
</testsuite> <!-- Test -->
