<?xml version="1.0" encoding="UTF-8"?>
<!-- Generated by org.testng.reporters.JUnitReportReporter -->
<testsuite hostname="LAPTOP-MV8D8OCH" failures="0" tests="2" name="com.Amazon.qa.test.Az_TC4401_getProductRating" time="78.734" errors="1" timestamp="2023-10-12T14:18:28 IST" skipped="1">
  <testcase classname="com.Amazon.qa.test.Az_TC4401_getProductRating" name="openingBrowser" time="78.734">
    <error message="Unable to obtain: Capabilities {browserName: chrome, goog:chromeOptions: {args: [--remote-allow-origins=*, incognito, start-maximized], extensions: []}}, error Command failed with code: 65, executed: [C:\Users\ahirr\AppData\Local\Temp\selenium-manager205314755340640015137504486767463760\selenium-manager.exe, --browser, chrome, --output, json]
request or response body error: error reading a body from connection: connection reset
Build info: version: &#039;4.11.0&#039;, revision: &#039;040bc5406b&#039;
System info: os.name: &#039;Windows 11&#039;, os.arch: &#039;amd64&#039;, os.version: &#039;10.0&#039;, java.version: &#039;17.0.2&#039;
Driver info: driver.version: ChromeDriver" type="org.openqa.selenium.remote.NoSuchDriverException">
      <![CDATA[org.openqa.selenium.remote.NoSuchDriverException: Unable to obtain: Capabilities {browserName: chrome, goog:chromeOptions: {args: [--remote-allow-origins=*, incognito, start-maximized], extensions: []}}, error Command failed with code: 65, executed: [C:\Users\ahirr\AppData\Local\Temp\selenium-manager205314755340640015137504486767463760\selenium-manager.exe, --browser, chrome, --output, json]
request or response body error: error reading a body from connection: connection reset
Build info: version: '4.11.0', revision: '040bc5406b'
System info: os.name: 'Windows 11', os.arch: 'amd64', os.version: '10.0', java.version: '17.0.2'
Driver info: driver.version: ChromeDriver
at org.openqa.selenium.remote.service.DriverFinder.getPath(DriverFinder.java:25)
at org.openqa.selenium.remote.service.DriverFinder.getPath(DriverFinder.java:13)
at org.openqa.selenium.chrome.ChromeDriver.generateExecutor(ChromeDriver.java:99)
at org.openqa.selenium.chrome.ChromeDriver.<init>(ChromeDriver.java:88)
at org.openqa.selenium.chrome.ChromeDriver.<init>(ChromeDriver.java:83)
at org.openqa.selenium.chrome.ChromeDriver.<init>(ChromeDriver.java:72)
at com.amazon.qa.base.BaseClass.launchBrowser(BaseClass.java:33)
at com.Amazon.qa.test.Az_TC4401_getProductRating.openingBrowser(Az_TC4401_getProductRating.java:26)
at java.base/jdk.internal.reflect.NativeMethodAccessorImpl.invoke0(Native Method)
at java.base/jdk.internal.reflect.NativeMethodAccessorImpl.invoke(NativeMethodAccessorImpl.java:77)
at java.base/jdk.internal.reflect.DelegatingMethodAccessorImpl.invoke(DelegatingMethodAccessorImpl.java:43)
at java.base/java.lang.reflect.Method.invoke(Method.java:568)
at org.testng.internal.MethodInvocationHelper.invokeMethod(MethodInvocationHelper.java:133)
at org.testng.internal.MethodInvocationHelper.invokeMethodConsideringTimeout(MethodInvocationHelper.java:62)
at org.testng.internal.ConfigInvoker.invokeConfigurationMethod(ConfigInvoker.java:385)
at org.testng.internal.ConfigInvoker.invokeConfigurations(ConfigInvoker.java:321)
at org.testng.internal.TestMethodWorker.invokeBeforeClassMethods(TestMethodWorker.java:176)
at org.testng.internal.TestMethodWorker.run(TestMethodWorker.java:122)
at java.base/java.util.ArrayList.forEach(ArrayList.java:1511)
at org.testng.TestRunner.privateRun(TestRunner.java:794)
at org.testng.TestRunner.run(TestRunner.java:596)
at org.testng.SuiteRunner.runTest(SuiteRunner.java:377)
at org.testng.SuiteRunner.runSequentially(SuiteRunner.java:371)
at org.testng.SuiteRunner.privateRun(SuiteRunner.java:332)
at org.testng.SuiteRunner.run(SuiteRunner.java:276)
at org.testng.SuiteRunnerWorker.runSuite(SuiteRunnerWorker.java:53)
at org.testng.SuiteRunnerWorker.run(SuiteRunnerWorker.java:96)
at org.testng.TestNG.runSuitesSequentially(TestNG.java:1212)
at org.testng.TestNG.runSuitesLocally(TestNG.java:1134)
at org.testng.TestNG.runSuites(TestNG.java:1063)
at org.testng.TestNG.run(TestNG.java:1031)
at org.testng.remote.AbstractRemoteTestNG.run(AbstractRemoteTestNG.java:115)
at org.testng.remote.RemoteTestNG.initAndRun(RemoteTestNG.java:251)
at org.testng.remote.RemoteTestNG.main(RemoteTestNG.java:77)
Caused by: org.openqa.selenium.WebDriverException: Command failed with code: 65, executed: [C:\Users\ahirr\AppData\Local\Temp\selenium-manager205314755340640015137504486767463760\selenium-manager.exe, --browser, chrome, --output, json]
request or response body error: error reading a body from connection: connection reset
Build info: version: '4.11.0', revision: '040bc5406b'
System info: os.name: 'Windows 11', os.arch: 'amd64', os.version: '10.0', java.version: '17.0.2'
Driver info: driver.version: ChromeDriver
at org.openqa.selenium.manager.SeleniumManager.runCommand(SeleniumManager.java:151)
at org.openqa.selenium.manager.SeleniumManager.getDriverPath(SeleniumManager.java:273)
at org.openqa.selenium.remote.service.DriverFinder.getPath(DriverFinder.java:22)
... 33 more
]]>
    </error>
  </testcase> <!-- openingBrowser -->
  <system-out>
    <![CDATA[launching chromeBrowser]]>
  </system-out>
  <testcase classname="com.Amazon.qa.test.Az_TC4401_getProductRating" name="ProductRating" time="0.000">
    <skipped/>
  </testcase> <!-- ProductRating -->
  <system-out>
    <![CDATA[TC ProductRating is skipped]]>
  </system-out>
</testsuite> <!-- com.Amazon.qa.test.Az_TC4401_getProductRating -->
